2024-11-28 08:36:21.632 [info] Started local extension host with pid 2333.
2024-11-28 08:36:24.680 [info] Settings Sync: Updating due to initialize
2024-11-28 08:36:24.684 [info] Settings Sync: Updating authentication providers. Authentication Providers from store: [{"id":"github","scopes":["user:email"]},{"id":"microsoft","scopes":["openid","profile","email","offline_access"]}]
2024-11-28 08:36:24.685 [info] Settings Sync: Authentication providers updated []
2024-11-28 08:36:25.558 [info] Settings Sync: Updating authentication providers. Authentication Providers from store: [{"id":"github","scopes":["user:email"]},{"id":"microsoft","scopes":["openid","profile","email","offline_access"]}]
2024-11-28 08:36:25.559 [info] Settings Sync: Authentication providers updated ["github"]
2024-11-28 08:36:25.562 [info] Settings Sync: Updating authentication providers. Authentication Providers from store: [{"id":"github","scopes":["user:email"]},{"id":"microsoft","scopes":["openid","profile","email","offline_access"]}]
2024-11-28 08:36:25.566 [info] Settings Sync: Authentication providers updated ["github"]
2024-11-28 08:36:25.569 [info] Settings Sync: Updating authentication providers. Authentication Providers from store: [{"id":"github","scopes":["user:email"]},{"id":"microsoft","scopes":["openid","profile","email","offline_access"]}]
2024-11-28 08:36:25.570 [info] Settings Sync: Authentication providers updated ["github","microsoft"]
2024-11-28 08:36:25.571 [info] Settings Sync: Updating authentication providers. Authentication Providers from store: [{"id":"github","scopes":["user:email"]},{"id":"microsoft","scopes":["openid","profile","email","offline_access"]}]
2024-11-28 08:36:25.571 [info] Settings Sync: Authentication providers updated ["github","microsoft"]
2024-11-28 08:36:25.618 [info] Settings Sync: Updating due to declared authentication providers changed
2024-11-28 08:36:25.620 [info] Settings Sync: Updating authentication providers. Authentication Providers from store: [{"id":"github","scopes":["user:email"]},{"id":"microsoft","scopes":["openid","profile","email","offline_access"]}]
2024-11-28 08:36:25.621 [info] Settings Sync: Authentication providers updated ["github","microsoft"]
2024-11-28 08:36:25.621 [info] Settings Sync: Updating due to declared authentication providers changed
2024-11-28 08:36:25.622 [info] Settings Sync: Updating authentication providers. Authentication Providers from store: [{"id":"github","scopes":["user:email"]},{"id":"microsoft","scopes":["openid","profile","email","offline_access"]}]
2024-11-28 08:36:25.627 [info] Settings Sync: Authentication providers updated ["github","microsoft"]
2024-11-28 08:36:26.966 [info] [perf] Render performance baseline is 133ms
2024-11-28 08:36:27.540 [info] Settings Sync: Updating authentication providers. Authentication Providers from store: [{"id":"github","scopes":["user:email"]},{"id":"microsoft","scopes":["openid","profile","email","offline_access"]}]
2024-11-28 08:36:27.543 [info] Settings Sync: Authentication providers updated ["github","microsoft"]
