2024-11-27 13:58:30.971 [info] Reading sessions from keychain...
2024-11-27 13:58:30.971 [info] Getting sessions for all scopes...
2024-11-27 13:58:30.971 [info] Getting sessions for all scopes...
2024-11-27 13:58:30.971 [info] Getting sessions for all scopes...
2024-11-27 13:58:30.971 [info] Got 0 sessions for ...
2024-11-27 13:58:30.971 [info] Got 0 sessions for ...
2024-11-27 13:58:30.971 [info] Got 0 sessions for ...
2024-11-27 13:58:30.971 [info] Getting sessions for read:user,repo,user:email,workflow...
2024-11-27 13:58:30.971 [info] Got 0 sessions for read:user,repo,user:email,workflow...
2024-11-27 13:58:33.610 [info] Logging in with 'any' account...
2024-11-27 13:58:33.610 [info] Logging in for the following scopes: read:user repo user:email workflow
2024-11-27 13:58:33.650 [info] Trying without local server... (read:user repo user:email workflow)
2024-11-27 13:59:15.861 [info] Exchanging code for token...
2024-11-27 13:59:16.200 [info] Token exchange success!
2024-11-27 13:59:16.203 [info] Getting user info...
2024-11-27 13:59:16.624 [info] Got account info!
2024-11-27 13:59:16.625 [info] Storing 1 sessions...
2024-11-27 14:00:03.543 [info] Reading sessions from keychain...
2024-11-27 14:00:03.546 [info] Stored 1 sessions!
2024-11-27 14:00:03.548 [info] Login success!
2024-11-27 14:00:03.853 [info] Got stored sessions!
2024-11-27 14:00:03.855 [info] Got 1 verified sessions.
