2024-11-27 13:54:58.522 [info] Started local extension host with pid 1664.
2024-11-27 13:55:04.111 [info] Settings Sync: Updating due to initialize
2024-11-27 13:55:04.112 [info] Settings Sync: Updating authentication providers. Authentication Providers from store: [{"id":"github","scopes":["user:email"]},{"id":"microsoft","scopes":["openid","profile","email","offline_access"]}]
2024-11-27 13:55:04.113 [info] Settings Sync: Authentication providers updated []
2024-11-27 13:55:04.397 [info] Settings Sync: Updating authentication providers. Authentication Providers from store: [{"id":"github","scopes":["user:email"]},{"id":"microsoft","scopes":["openid","profile","email","offline_access"]}]
2024-11-27 13:55:04.403 [info] Settings Sync: Authentication providers updated ["github"]
2024-11-27 13:55:04.405 [info] Settings Sync: Updating authentication providers. Authentication Providers from store: [{"id":"github","scopes":["user:email"]},{"id":"microsoft","scopes":["openid","profile","email","offline_access"]}]
2024-11-27 13:55:04.408 [info] Settings Sync: Authentication providers updated ["github"]
2024-11-27 13:55:04.409 [info] Settings Sync: Updating authentication providers. Authentication Providers from store: [{"id":"github","scopes":["user:email"]},{"id":"microsoft","scopes":["openid","profile","email","offline_access"]}]
2024-11-27 13:55:04.411 [info] Settings Sync: Authentication providers updated ["github","microsoft"]
2024-11-27 13:55:04.413 [info] Settings Sync: Updating authentication providers. Authentication Providers from store: [{"id":"github","scopes":["user:email"]},{"id":"microsoft","scopes":["openid","profile","email","offline_access"]}]
2024-11-27 13:55:04.418 [info] Settings Sync: Authentication providers updated ["github","microsoft"]
2024-11-27 13:55:04.462 [info] Settings Sync: Updating due to declared authentication providers changed
2024-11-27 13:55:04.462 [info] Settings Sync: Updating authentication providers. Authentication Providers from store: [{"id":"github","scopes":["user:email"]},{"id":"microsoft","scopes":["openid","profile","email","offline_access"]}]
2024-11-27 13:55:04.463 [info] Settings Sync: Authentication providers updated ["github","microsoft"]
2024-11-27 13:55:04.464 [info] Settings Sync: Updating due to declared authentication providers changed
2024-11-27 13:55:04.471 [info] Settings Sync: Updating authentication providers. Authentication Providers from store: [{"id":"github","scopes":["user:email"]},{"id":"microsoft","scopes":["openid","profile","email","offline_access"]}]
2024-11-27 13:55:04.471 [info] Settings Sync: Authentication providers updated ["github","microsoft"]
2024-11-27 13:55:06.095 [info] [perf] Render performance baseline is 158ms
2024-11-27 13:58:30.931 [info] Settings Sync: Updating authentication providers. Authentication Providers from store: [{"id":"github","scopes":["user:email"]},{"id":"microsoft","scopes":["openid","profile","email","offline_access"]}]
2024-11-27 13:58:30.931 [info] Settings Sync: Authentication providers updated ["github","microsoft"]
2024-11-27 14:00:03.607 [info] Settings Sync: Updating due to change in sessions
2024-11-27 14:00:03.608 [info] Settings Sync: Updating authentication providers. Authentication Providers from store: [{"id":"github","scopes":["user:email"]},{"id":"microsoft","scopes":["openid","profile","email","offline_access"]}]
2024-11-27 14:00:03.615 [info] Settings Sync: Authentication providers updated ["github","microsoft"]
2024-11-27 14:00:03.629 [info] Settings Sync: Updating due to change in sessions
2024-11-27 14:00:03.630 [info] Settings Sync: Updating authentication providers. Authentication Providers from store: [{"id":"github","scopes":["user:email"]},{"id":"microsoft","scopes":["openid","profile","email","offline_access"]}]
2024-11-27 14:00:03.631 [info] Settings Sync: Authentication providers updated ["github","microsoft"]
2024-11-27 14:08:56.913 [error] [text file model] handleSaveError(1) - exit - resulted in a save error: Error: Unable to write file '/home/kazuala/.config/.git/COMMIT_EDITMSG' (Error: File Modified Since) file:///home/kazuala/.config/.git/COMMIT_EDITMSG
