2024-11-27 13:55:02.201 [info] [main] Log level: Info
2024-11-27 13:55:02.201 [info] [main] Validating found git in: "git"
2024-11-27 13:55:02.201 [info] [main] Using git "2.47.1" from "git"
2024-11-27 13:55:02.201 [info] [Model][doInitialScan] Initial repository scan started
2024-11-27 13:55:02.201 [info] > git rev-parse --show-toplevel [24ms]
2024-11-27 13:55:02.201 [info] > git rev-parse --git-dir --git-common-dir [18ms]
2024-11-27 13:55:02.201 [info] [Model][openRepository] Opened repository: /home/kazuala/.config
2024-11-27 13:55:02.371 [info] > git rev-parse --show-toplevel [145ms]
2024-11-27 13:55:02.371 [info] fatal: this operation must be run in a work tree
2024-11-27 13:55:02.375 [info] > git config --get commit.template [159ms]
2024-11-27 13:55:02.487 [info] [Git][getRemotes] No remotes found in the git config file
2024-11-27 13:55:02.491 [info] > git for-each-ref --format=%(refname)%00%(upstream:short)%00%(objectname)%00%(upstream:track)%00%(upstream:remotename)%00%(upstream:remoteref) refs/heads/main refs/remotes/main [5ms]
2024-11-27 13:55:02.491 [warning] [Git][getBranch] No such branch: main
2024-11-27 13:55:02.520 [info] > git for-each-ref --sort -committerdate --format %(refname) %(objectname) %(*objectname) [7ms]
2024-11-27 13:55:02.600 [info] > git rev-parse --show-toplevel [13ms]
2024-11-27 13:55:02.617 [info] > git rev-parse --show-toplevel [4ms]
2024-11-27 13:55:02.642 [info] > git rev-parse --show-toplevel [1ms]
2024-11-27 13:55:02.668 [info] > git rev-parse --show-toplevel [8ms]
2024-11-27 13:55:02.698 [info] > git rev-parse --show-toplevel [9ms]
2024-11-27 13:55:02.717 [info] > git rev-parse --show-toplevel [4ms]
2024-11-27 13:55:02.745 [info] > git rev-parse --show-toplevel [12ms]
2024-11-27 13:55:02.796 [info] > git rev-parse --show-toplevel [33ms]
2024-11-27 13:55:02.828 [info] > git rev-parse --show-toplevel [8ms]
2024-11-27 13:55:02.883 [info] > git rev-parse --show-toplevel [23ms]
2024-11-27 13:55:02.905 [info] > git check-ignore -v -z --stdin [26ms]
2024-11-27 13:55:02.917 [info] > git rev-parse --show-toplevel [14ms]
2024-11-27 13:55:02.954 [info] > git rev-parse --show-toplevel [14ms]
2024-11-27 13:55:02.984 [info] > git rev-parse --show-toplevel [5ms]
2024-11-27 13:55:03.000 [info] > git rev-parse --show-toplevel [6ms]
2024-11-27 13:55:03.029 [info] > git rev-parse --show-toplevel [18ms]
2024-11-27 13:55:03.078 [info] > git rev-parse --show-toplevel [18ms]
2024-11-27 13:55:03.116 [info] > git rev-parse --show-toplevel [8ms]
2024-11-27 13:55:03.149 [info] > git rev-parse --show-toplevel [3ms]
2024-11-27 13:55:03.179 [info] > git rev-parse --show-toplevel [7ms]
2024-11-27 13:55:03.196 [info] > git rev-parse --show-toplevel [5ms]
2024-11-27 13:55:03.232 [info] > git rev-parse --show-toplevel [11ms]
2024-11-27 13:55:03.253 [info] > git rev-parse --show-toplevel [6ms]
2024-11-27 13:55:03.307 [info] > git rev-parse --show-toplevel [13ms]
2024-11-27 13:55:03.352 [info] > git rev-parse --show-toplevel [6ms]
2024-11-27 13:55:03.363 [info] [Model][doInitialScan] Initial repository scan completed - repositories (1), closed repositories (0), parent repositories (0), unsafe repositories (0)
2024-11-27 13:55:03.476 [info] > git show --textconv :.git/COMMIT_EDITMSG [20ms]
2024-11-27 13:55:03.486 [info] > git ls-files --stage -- /home/kazuala/.config/.git/COMMIT_EDITMSG [12ms]
2024-11-27 13:55:04.938 [info] > git status -z -uall [2437ms]
2024-11-27 13:55:05.010 [info] > git for-each-ref --format=%(refname)%00%(upstream:short)%00%(objectname)%00%(upstream:track)%00%(upstream:remotename)%00%(upstream:remoteref) refs/heads/main refs/remotes/main [25ms]
2024-11-27 13:55:05.011 [warning] [Git][getBranch] No such branch: main
2024-11-27 13:55:05.013 [error] [GitHistoryProvider][resolveHEADMergeBase] Failed to resolve merge base for main: Error: No such branch: main.
2024-11-27 13:55:05.020 [info] > git config --get commit.template [14ms]
2024-11-27 13:55:05.033 [info] [Git][getRemotes] No remotes found in the git config file
2024-11-27 13:55:05.039 [info] > git for-each-ref --format=%(refname)%00%(upstream:short)%00%(objectname)%00%(upstream:track)%00%(upstream:remotename)%00%(upstream:remoteref) refs/heads/main refs/remotes/main [6ms]
2024-11-27 13:55:05.040 [warning] [Git][getBranch] No such branch: main
2024-11-27 13:55:05.190 [info] > git for-each-ref --sort -committerdate --format %(refname) %(objectname) %(*objectname) [113ms]
2024-11-27 13:55:06.337 [info] > git status -z -uall [1286ms]
2024-11-27 13:55:09.390 [info] [Git][getRemotes] No remotes found in the git config file
2024-11-27 13:55:09.392 [info] > git config --get commit.template [10ms]
2024-11-27 13:55:09.393 [info] > git for-each-ref --format=%(refname)%00%(upstream:short)%00%(objectname)%00%(upstream:track)%00%(upstream:remotename)%00%(upstream:remoteref) refs/heads/main refs/remotes/main [3ms]
2024-11-27 13:55:09.393 [warning] [Git][getBranch] No such branch: main
2024-11-27 13:55:09.420 [info] > git for-each-ref --sort -committerdate --format %(refname) %(objectname) %(*objectname) [5ms]
2024-11-27 13:55:10.366 [info] > git status -z -uall [963ms]
2024-11-27 13:55:23.195 [info] [Git][getRemotes] No remotes found in the git config file
2024-11-27 13:55:23.197 [info] > git config --get commit.template [11ms]
2024-11-27 13:55:23.198 [info] > git for-each-ref --format=%(refname)%00%(upstream:short)%00%(objectname)%00%(upstream:track)%00%(upstream:remotename)%00%(upstream:remoteref) refs/heads/main refs/remotes/main [3ms]
2024-11-27 13:55:23.199 [warning] [Git][getBranch] No such branch: main
2024-11-27 13:55:23.226 [info] > git for-each-ref --sort -committerdate --format %(refname) %(objectname) %(*objectname) [5ms]
2024-11-27 13:55:24.132 [info] > git status -z -uall [923ms]
2024-11-27 13:55:29.167 [info] [Git][getRemotes] No remotes found in the git config file
2024-11-27 13:55:29.169 [info] > git config --get commit.template [10ms]
2024-11-27 13:55:29.170 [info] > git for-each-ref --format=%(refname)%00%(upstream:short)%00%(objectname)%00%(upstream:track)%00%(upstream:remotename)%00%(upstream:remoteref) refs/heads/main refs/remotes/main [3ms]
2024-11-27 13:55:29.171 [warning] [Git][getBranch] No such branch: main
2024-11-27 13:55:29.202 [info] > git for-each-ref --sort -committerdate --format %(refname) %(objectname) %(*objectname) [8ms]
2024-11-27 13:55:30.129 [info] > git status -z -uall [949ms]
2024-11-27 13:55:37.122 [info] [Git][getRemotes] No remotes found in the git config file
2024-11-27 13:55:37.123 [info] > git config --get commit.template [10ms]
2024-11-27 13:55:37.125 [info] > git for-each-ref --format=%(refname)%00%(upstream:short)%00%(objectname)%00%(upstream:track)%00%(upstream:remotename)%00%(upstream:remoteref) refs/heads/main refs/remotes/main [4ms]
2024-11-27 13:55:37.125 [warning] [Git][getBranch] No such branch: main
2024-11-27 13:55:37.157 [info] > git for-each-ref --sort -committerdate --format %(refname) %(objectname) %(*objectname) [6ms]
2024-11-27 13:55:38.106 [info] > git status -z -uall [971ms]
2024-11-27 13:55:44.951 [info] > git check-ignore -v -z --stdin [17ms]
2024-11-27 13:55:45.818 [info] > git config --get commit.template [2ms]
2024-11-27 13:55:45.833 [info] [Git][getRemotes] No remotes found in the git config file
2024-11-27 13:55:45.837 [info] > git for-each-ref --format=%(refname)%00%(upstream:short)%00%(objectname)%00%(upstream:track)%00%(upstream:remotename)%00%(upstream:remoteref) refs/heads/main refs/remotes/main [4ms]
2024-11-27 13:55:45.838 [warning] [Git][getBranch] No such branch: main
2024-11-27 13:55:45.875 [info] > git for-each-ref --sort -committerdate --format %(refname) %(objectname) %(*objectname) [5ms]
2024-11-27 13:55:46.470 [info] > git check-ignore -v -z --stdin [17ms]
2024-11-27 13:55:47.071 [info] > git status -z -uall [1217ms]
2024-11-27 13:55:54.850 [info] > git config --get commit.template [4ms]
2024-11-27 13:55:54.864 [info] [Git][getRemotes] No remotes found in the git config file
2024-11-27 13:55:54.869 [info] > git for-each-ref --format=%(refname)%00%(upstream:short)%00%(objectname)%00%(upstream:track)%00%(upstream:remotename)%00%(upstream:remoteref) refs/heads/main refs/remotes/main [5ms]
2024-11-27 13:55:54.871 [warning] [Git][getBranch] No such branch: main
2024-11-27 13:55:54.919 [info] > git for-each-ref --sort -committerdate --format %(refname) %(objectname) %(*objectname) [9ms]
2024-11-27 13:55:56.131 [info] > git status -z -uall [1249ms]
2024-11-27 13:56:01.165 [info] [Git][getRemotes] No remotes found in the git config file
2024-11-27 13:56:01.167 [info] > git config --get commit.template [12ms]
2024-11-27 13:56:01.169 [info] > git for-each-ref --format=%(refname)%00%(upstream:short)%00%(objectname)%00%(upstream:track)%00%(upstream:remotename)%00%(upstream:remoteref) refs/heads/main refs/remotes/main [5ms]
2024-11-27 13:56:01.169 [warning] [Git][getBranch] No such branch: main
2024-11-27 13:56:01.212 [info] > git for-each-ref --sort -committerdate --format %(refname) %(objectname) %(*objectname) [6ms]
2024-11-27 13:56:02.336 [info] > git status -z -uall [1155ms]
2024-11-27 13:57:40.525 [info] > git config --get commit.template [6ms]
2024-11-27 13:57:40.544 [info] [Git][getRemotes] No remotes found in the git config file
2024-11-27 13:57:40.549 [info] > git for-each-ref --format=%(refname)%00%(upstream:short)%00%(objectname)%00%(upstream:track)%00%(upstream:remotename)%00%(upstream:remoteref) refs/heads/main refs/remotes/main [6ms]
2024-11-27 13:57:40.550 [warning] [Git][getBranch] No such branch: main
2024-11-27 13:57:40.603 [info] > git for-each-ref --sort -committerdate --format %(refname) %(objectname) %(*objectname) [13ms]
2024-11-27 13:57:41.937 [info] > git status -z -uall [1367ms]
2024-11-27 13:57:51.034 [info] [Git][getRemotes] No remotes found in the git config file
2024-11-27 13:57:51.037 [info] > git config --get commit.template [22ms]
2024-11-27 13:57:51.041 [info] > git for-each-ref --format=%(refname)%00%(upstream:short)%00%(objectname)%00%(upstream:track)%00%(upstream:remotename)%00%(upstream:remoteref) refs/heads/main refs/remotes/main [6ms]
2024-11-27 13:57:51.041 [warning] [Git][getBranch] No such branch: main
2024-11-27 13:57:51.080 [info] > git for-each-ref --sort -committerdate --format %(refname) %(objectname) %(*objectname) [7ms]
2024-11-27 13:57:52.257 [info] > git status -z -uall [1202ms]
2024-11-27 13:57:58.455 [info] [Git][getRemotes] No remotes found in the git config file
2024-11-27 13:57:58.459 [info] > git config --get commit.template [17ms]
2024-11-27 13:57:58.461 [info] > git for-each-ref --format=%(refname)%00%(upstream:short)%00%(objectname)%00%(upstream:track)%00%(upstream:remotename)%00%(upstream:remoteref) refs/heads/main refs/remotes/main [7ms]
2024-11-27 13:57:58.461 [warning] [Git][getBranch] No such branch: main
2024-11-27 13:57:58.497 [info] > git for-each-ref --sort -committerdate --format %(refname) %(objectname) %(*objectname) [9ms]
2024-11-27 13:57:59.659 [info] > git status -z -uall [1183ms]
2024-11-27 13:58:32.130 [info] [Git][getRemotes] No remotes found in the git config file
2024-11-27 13:58:32.132 [info] > git config --get commit.template [18ms]
2024-11-27 13:58:32.134 [info] > git for-each-ref --format=%(refname)%00%(upstream:short)%00%(objectname)%00%(upstream:track)%00%(upstream:remotename)%00%(upstream:remoteref) refs/heads/main refs/remotes/main [4ms]
2024-11-27 13:58:32.135 [warning] [Git][getBranch] No such branch: main
2024-11-27 13:58:32.166 [info] > git for-each-ref --sort -committerdate --format %(refname) %(objectname) %(*objectname) [4ms]
2024-11-27 13:58:33.170 [info] > git status -z -uall [1023ms]
2024-11-27 13:58:33.942 [info] > git check-ignore -v -z --stdin [22ms]
2024-11-27 13:58:55.940 [info] > git config --get commit.template [5ms]
2024-11-27 13:58:55.956 [info] [Git][getRemotes] No remotes found in the git config file
2024-11-27 13:58:55.966 [info] > git for-each-ref --format=%(refname)%00%(upstream:short)%00%(objectname)%00%(upstream:track)%00%(upstream:remotename)%00%(upstream:remoteref) refs/heads/main refs/remotes/main [10ms]
2024-11-27 13:58:55.967 [warning] [Git][getBranch] No such branch: main
2024-11-27 13:58:56.017 [info] > git for-each-ref --sort -committerdate --format %(refname) %(objectname) %(*objectname) [6ms]
2024-11-27 13:58:57.192 [info] > git status -z -uall [1212ms]
2024-11-27 14:00:02.848 [info] > git config --get commit.template [8ms]
2024-11-27 14:00:02.878 [info] [Git][getRemotes] No remotes found in the git config file
2024-11-27 14:00:02.905 [info] > git for-each-ref --format=%(refname)%00%(upstream:short)%00%(objectname)%00%(upstream:track)%00%(upstream:remotename)%00%(upstream:remoteref) refs/heads/main refs/remotes/main [28ms]
2024-11-27 14:00:02.906 [warning] [Git][getBranch] No such branch: main
2024-11-27 14:00:02.966 [info] > git for-each-ref --sort -committerdate --format %(refname) %(objectname) %(*objectname) [6ms]
2024-11-27 14:00:04.491 [info] > git status -z -uall [1555ms]
2024-11-27 14:00:09.540 [info] [Git][getRemotes] No remotes found in the git config file
2024-11-27 14:00:09.541 [info] > git config --get commit.template [16ms]
2024-11-27 14:00:09.546 [info] > git for-each-ref --format=%(refname)%00%(upstream:short)%00%(objectname)%00%(upstream:track)%00%(upstream:remotename)%00%(upstream:remoteref) refs/heads/main refs/remotes/main [7ms]
2024-11-27 14:00:09.546 [warning] [Git][getBranch] No such branch: main
2024-11-27 14:00:09.585 [info] > git for-each-ref --sort -committerdate --format %(refname) %(objectname) %(*objectname) [10ms]
2024-11-27 14:00:10.666 [info] > git status -z -uall [1106ms]
2024-11-27 14:00:11.476 [info] > git check-ignore -v -z --stdin [12ms]
2024-11-27 14:00:15.692 [info] > git config --get commit.template [4ms]
2024-11-27 14:00:15.694 [info] [Git][getRemotes] No remotes found in the git config file
2024-11-27 14:00:15.713 [info] > git for-each-ref --format=%(refname)%00%(upstream:short)%00%(objectname)%00%(upstream:track)%00%(upstream:remotename)%00%(upstream:remoteref) refs/heads/main refs/remotes/main [5ms]
2024-11-27 14:00:15.713 [warning] [Git][getBranch] No such branch: main
2024-11-27 14:00:15.746 [info] > git for-each-ref --sort -committerdate --format %(refname) %(objectname) %(*objectname) [3ms]
2024-11-27 14:00:16.844 [info] > git status -z -uall [1116ms]
2024-11-27 14:00:27.156 [info] [Git][getRemotes] No remotes found in the git config file
2024-11-27 14:00:27.158 [info] > git config --get commit.template [16ms]
2024-11-27 14:00:27.162 [info] > git for-each-ref --format=%(refname)%00%(upstream:short)%00%(objectname)%00%(upstream:track)%00%(upstream:remotename)%00%(upstream:remoteref) refs/heads/main refs/remotes/main [7ms]
2024-11-27 14:00:27.163 [warning] [Git][getBranch] No such branch: main
2024-11-27 14:00:27.204 [info] > git for-each-ref --sort -committerdate --format %(refname) %(objectname) %(*objectname) [10ms]
2024-11-27 14:00:28.188 [info] > git remote add Kazuala https://github.com/Kazuala/arch-linux-hyprland-rice.git [15ms]
2024-11-27 14:00:28.215 [info] > git status -z -uall [1037ms] (cancelled)
2024-11-27 14:00:28.218 [info] > git config --get commit.template [4ms]
2024-11-27 14:00:28.239 [info] > git for-each-ref --format=%(refname)%00%(upstream:short)%00%(objectname)%00%(upstream:track)%00%(upstream:remotename)%00%(upstream:remoteref) refs/heads/main refs/remotes/main [4ms]
2024-11-27 14:00:28.240 [warning] [Git][getBranch] No such branch: main
2024-11-27 14:00:28.281 [info] > git for-each-ref --sort -committerdate --format %(refname) %(objectname) %(*objectname) [7ms]
2024-11-27 14:00:29.364 [info] > git status -z -uall [1110ms]
2024-11-27 14:00:29.534 [info] > git ls-files --stage -- /home/kazuala/.config/.git/COMMIT_EDITMSG [4ms]
2024-11-27 14:00:29.561 [info] > git show --textconv :.git/COMMIT_EDITMSG [6ms]
2024-11-27 14:00:29.847 [info] > git fetch Kazuala [460ms]
2024-11-27 14:00:29.868 [info] > git config --get commit.template [4ms]
2024-11-27 14:00:29.887 [info] > git for-each-ref --format=%(refname)%00%(upstream:short)%00%(objectname)%00%(upstream:track)%00%(upstream:remotename)%00%(upstream:remoteref) refs/heads/main refs/remotes/main [4ms]
2024-11-27 14:00:29.888 [warning] [Git][getBranch] No such branch: main
2024-11-27 14:00:29.927 [info] > git for-each-ref --sort -committerdate --format %(refname) %(objectname) %(*objectname) [9ms]
2024-11-27 14:00:30.669 [info] > git ls-files --stage -- /home/kazuala/.config/.git/COMMIT_EDITMSG [7ms]
2024-11-27 14:00:30.705 [info] > git show --textconv :.git/COMMIT_EDITMSG [5ms]
2024-11-27 14:00:31.114 [info] > git status -z -uall [1212ms]
2024-11-27 14:00:49.684 [info] > git config --get commit.template [13ms]
2024-11-27 14:00:49.686 [info] > git for-each-ref --format=%(refname)%00%(upstream:short)%00%(objectname)%00%(upstream:track)%00%(upstream:remotename)%00%(upstream:remoteref) refs/heads/main refs/remotes/main [4ms]
2024-11-27 14:00:49.687 [warning] [Git][getBranch] No such branch: main
2024-11-27 14:00:49.728 [info] > git for-each-ref --sort -committerdate --format %(refname) %(objectname) %(*objectname) [10ms]
2024-11-27 14:00:50.910 [info] > git status -z -uall [1209ms]
2024-11-27 14:00:56.050 [info] > git config --get commit.template [14ms]
2024-11-27 14:00:56.052 [info] > git for-each-ref --format=%(refname)%00%(upstream:short)%00%(objectname)%00%(upstream:track)%00%(upstream:remotename)%00%(upstream:remoteref) refs/heads/main refs/remotes/main [3ms]
2024-11-27 14:00:56.053 [warning] [Git][getBranch] No such branch: main
2024-11-27 14:00:56.083 [info] > git for-each-ref --sort -committerdate --format %(refname) %(objectname) %(*objectname) [4ms]
2024-11-27 14:00:57.126 [info] > git status -z -uall [1061ms]
2024-11-27 14:01:02.157 [info] > git config --get commit.template [13ms]
2024-11-27 14:01:02.158 [info] > git for-each-ref --format=%(refname)%00%(upstream:short)%00%(objectname)%00%(upstream:track)%00%(upstream:remotename)%00%(upstream:remoteref) refs/heads/main refs/remotes/main [3ms]
2024-11-27 14:01:02.159 [warning] [Git][getBranch] No such branch: main
2024-11-27 14:01:02.189 [info] > git for-each-ref --sort -committerdate --format %(refname) %(objectname) %(*objectname) [4ms]
2024-11-27 14:01:03.241 [info] > git status -z -uall [1070ms]
2024-11-27 14:01:14.925 [info] > git config --get commit.template [15ms]
2024-11-27 14:01:14.927 [info] > git for-each-ref --format=%(refname)%00%(upstream:short)%00%(objectname)%00%(upstream:track)%00%(upstream:remotename)%00%(upstream:remoteref) refs/heads/main refs/remotes/main [4ms]
2024-11-27 14:01:14.927 [warning] [Git][getBranch] No such branch: main
2024-11-27 14:01:14.957 [info] > git for-each-ref --sort -committerdate --format %(refname) %(objectname) %(*objectname) [3ms]
2024-11-27 14:01:15.967 [info] > git status -z -uall [1028ms]
2024-11-27 14:06:54.408 [info] > git ls-files --stage -- /home/kazuala/.config/.git/COMMIT_EDITMSG [4ms]
2024-11-27 14:06:54.518 [info] > git show --textconv :.git/COMMIT_EDITMSG [6ms]
2024-11-27 14:10:22.937 [info] > git ls-files --stage -- /home/kazuala/.config/.git/COMMIT_EDITMSG [3ms]
2024-11-27 14:10:22.959 [info] > git show --textconv :.git/COMMIT_EDITMSG [4ms]
