2024-11-28 08:36:24.887 [info] [main] Log level: Info
2024-11-28 08:36:24.887 [info] [main] Validating found git in: "git"
2024-11-28 08:36:24.887 [info] [main] Using git "2.47.1" from "git"
2024-11-28 08:36:24.887 [info] [Model][doInitialScan] Initial repository scan started
2024-11-28 08:36:24.887 [info] > git rev-parse --show-toplevel [27ms]
2024-11-28 08:36:24.889 [info] > git rev-parse --git-dir --git-common-dir [13ms]
2024-11-28 08:36:24.940 [info] [Model][openRepository] Opened repository: /home/kazuala/.config
2024-11-28 08:36:25.158 [info] > git rev-parse --show-toplevel [166ms]
2024-11-28 08:36:25.158 [info] fatal: this operation must be run in a work tree
2024-11-28 08:36:25.162 [info] > git config --get commit.template [186ms]
2024-11-28 08:36:25.323 [info] > git for-each-ref --format=%(refname)%00%(upstream:short)%00%(objectname)%00%(upstream:track)%00%(upstream:remotename)%00%(upstream:remoteref) refs/heads/main refs/remotes/main [43ms]
2024-11-28 08:36:25.461 [info] > git for-each-ref --sort -committerdate --format %(refname) %(objectname) %(*objectname) [16ms]
2024-11-28 08:36:25.505 [info] > git rev-parse --show-toplevel [8ms]
2024-11-28 08:36:25.535 [info] > git rev-parse --show-toplevel [5ms]
2024-11-28 08:36:25.572 [info] > git rev-parse --show-toplevel [13ms]
2024-11-28 08:36:25.610 [info] > git rev-parse --show-toplevel [24ms]
2024-11-28 08:36:25.651 [info] > git check-ignore -v -z --stdin [22ms]
2024-11-28 08:36:25.656 [info] > git rev-parse --show-toplevel [7ms]
2024-11-28 08:36:25.701 [info] > git rev-parse --show-toplevel [34ms]
2024-11-28 08:36:25.723 [info] > git rev-parse --show-toplevel [10ms]
2024-11-28 08:36:25.748 [info] > git rev-parse --show-toplevel [6ms]
2024-11-28 08:36:25.771 [info] > git rev-parse --show-toplevel [5ms]
2024-11-28 08:36:25.790 [info] > git rev-parse --show-toplevel [5ms]
2024-11-28 08:36:25.817 [info] > git rev-parse --show-toplevel [7ms]
2024-11-28 08:36:25.844 [info] > git rev-parse --show-toplevel [10ms]
2024-11-28 08:36:25.872 [info] > git rev-parse --show-toplevel [6ms]
2024-11-28 08:36:25.907 [info] > git rev-parse --show-toplevel [9ms]
2024-11-28 08:36:25.944 [info] > git rev-parse --show-toplevel [11ms]
2024-11-28 08:36:25.971 [info] > git rev-parse --show-toplevel [2ms]
2024-11-28 08:36:26.036 [info] > git rev-parse --show-toplevel [35ms]
2024-11-28 08:36:26.080 [info] > git rev-parse --show-toplevel [7ms]
2024-11-28 08:36:26.133 [info] > git rev-parse --show-toplevel [21ms]
2024-11-28 08:36:26.186 [info] > git rev-parse --show-toplevel [24ms]
2024-11-28 08:36:26.378 [info] > git rev-parse --show-toplevel [165ms]
2024-11-28 08:36:26.412 [info] > git rev-parse --show-toplevel [7ms]
2024-11-28 08:36:26.431 [info] > git rev-parse --show-toplevel [2ms]
2024-11-28 08:36:26.457 [info] > git rev-parse --show-toplevel [12ms]
2024-11-28 08:36:26.479 [info] > git rev-parse --show-toplevel [10ms]
2024-11-28 08:36:26.491 [info] [Model][doInitialScan] Initial repository scan completed - repositories (1), closed repositories (0), parent repositories (0), unsafe repositories (0)
2024-11-28 08:36:26.532 [info] > git show --textconv :.git/COMMIT_EDITMSG [27ms]
2024-11-28 08:36:26.533 [info] > git ls-files --stage -- /home/kazuala/.config/.git/COMMIT_EDITMSG [6ms]
2024-11-28 08:36:27.087 [info] > git status -z -uall [1670ms]
2024-11-28 08:36:27.366 [info] > git for-each-ref --format=%(refname)%00%(upstream:short)%00%(objectname)%00%(upstream:track)%00%(upstream:remotename)%00%(upstream:remoteref) refs/heads/main refs/remotes/main [200ms]
2024-11-28 08:36:27.398 [info] > git config --local branch.main.vscode-merge-base [12ms]
2024-11-28 08:36:27.399 [warning] [Git][config] git config failed: Failed to execute git
2024-11-28 08:36:27.412 [info] > git config --get commit.template [47ms]
2024-11-28 08:36:27.514 [info] > git reflog main --grep-reflog=branch: Created from *. [103ms]
2024-11-28 08:36:27.593 [info] > git symbolic-ref --short refs/remotes/origin/HEAD [69ms]
2024-11-28 08:36:27.593 [info] fatal: ref refs/remotes/origin/HEAD is not a symbolic ref
2024-11-28 08:36:27.593 [warning] [Repository][getDefaultBranch] Failed to get default branch details: Failed to execute git.
2024-11-28 08:36:27.608 [info] > git for-each-ref --format=%(refname)%00%(upstream:short)%00%(objectname)%00%(upstream:track)%00%(upstream:remotename)%00%(upstream:remoteref) refs/heads/main refs/remotes/main [107ms]
2024-11-28 08:36:27.615 [info] > git merge-base refs/heads/main refs/remotes/origin/main [9ms]
2024-11-28 08:36:27.658 [info] > git diff --name-status -z --diff-filter=ADMR 8e11a71e0883e6cd396667ab15633d7bda3124e5...refs/remotes/origin/main [30ms]
2024-11-28 08:36:27.787 [info] > git for-each-ref --sort -committerdate --format %(refname) %(objectname) %(*objectname) [132ms]
2024-11-28 08:36:28.559 [info] > git status -z -uall [915ms]
2024-11-28 08:36:30.697 [info] > git config --get commit.template [11ms]
2024-11-28 08:36:30.699 [info] > git for-each-ref --format=%(refname)%00%(upstream:short)%00%(objectname)%00%(upstream:track)%00%(upstream:remotename)%00%(upstream:remoteref) refs/heads/main refs/remotes/main [3ms]
2024-11-28 08:36:30.727 [info] > git for-each-ref --sort -committerdate --format %(refname) %(objectname) %(*objectname) [4ms]
2024-11-28 08:36:31.529 [info] > git status -z -uall [819ms]
2024-11-28 08:36:36.562 [info] > git config --get commit.template [10ms]
2024-11-28 08:36:36.563 [info] > git for-each-ref --format=%(refname)%00%(upstream:short)%00%(objectname)%00%(upstream:track)%00%(upstream:remotename)%00%(upstream:remoteref) refs/heads/main refs/remotes/main [3ms]
2024-11-28 08:36:36.585 [info] > git for-each-ref --sort -committerdate --format %(refname) %(objectname) %(*objectname) [3ms]
2024-11-28 08:36:37.373 [info] > git status -z -uall [801ms]
2024-11-28 08:36:42.407 [info] > git config --get commit.template [11ms]
2024-11-28 08:36:42.409 [info] > git for-each-ref --format=%(refname)%00%(upstream:short)%00%(objectname)%00%(upstream:track)%00%(upstream:remotename)%00%(upstream:remoteref) refs/heads/main refs/remotes/main [2ms]
2024-11-28 08:36:42.431 [info] > git for-each-ref --sort -committerdate --format %(refname) %(objectname) %(*objectname) [3ms]
2024-11-28 08:36:43.221 [info] > git status -z -uall [803ms]
2024-11-28 08:36:48.265 [info] > git config --get commit.template [10ms]
2024-11-28 08:36:48.266 [info] > git for-each-ref --format=%(refname)%00%(upstream:short)%00%(objectname)%00%(upstream:track)%00%(upstream:remotename)%00%(upstream:remoteref) refs/heads/main refs/remotes/main [3ms]
2024-11-28 08:36:48.289 [info] > git for-each-ref --sort -committerdate --format %(refname) %(objectname) %(*objectname) [3ms]
2024-11-28 08:36:49.083 [info] > git status -z -uall [808ms]
2024-11-28 08:36:54.124 [info] > git config --get commit.template [11ms]
2024-11-28 08:36:54.126 [info] > git for-each-ref --format=%(refname)%00%(upstream:short)%00%(objectname)%00%(upstream:track)%00%(upstream:remotename)%00%(upstream:remoteref) refs/heads/main refs/remotes/main [3ms]
2024-11-28 08:36:54.149 [info] > git for-each-ref --sort -committerdate --format %(refname) %(objectname) %(*objectname) [3ms]
2024-11-28 08:36:54.942 [info] > git status -z -uall [806ms]
2024-11-28 08:37:00.456 [info] > git config --get commit.template [12ms]
2024-11-28 08:37:00.457 [info] > git for-each-ref --format=%(refname)%00%(upstream:short)%00%(objectname)%00%(upstream:track)%00%(upstream:remotename)%00%(upstream:remoteref) refs/heads/main refs/remotes/main [3ms]
2024-11-28 08:37:00.480 [info] > git for-each-ref --sort -committerdate --format %(refname) %(objectname) %(*objectname) [3ms]
2024-11-28 08:37:01.278 [info] > git status -z -uall [811ms]
2024-11-28 08:37:10.698 [info] > git config --get commit.template [13ms]
2024-11-28 08:37:10.699 [info] > git for-each-ref --format=%(refname)%00%(upstream:short)%00%(objectname)%00%(upstream:track)%00%(upstream:remotename)%00%(upstream:remoteref) refs/heads/main refs/remotes/main [3ms]
2024-11-28 08:37:10.732 [info] > git for-each-ref --sort -committerdate --format %(refname) %(objectname) %(*objectname) [5ms]
2024-11-28 08:37:11.513 [info] > git status -z -uall [801ms]
2024-11-28 08:37:21.674 [info] > git config --get commit.template [11ms]
2024-11-28 08:37:21.676 [info] > git for-each-ref --format=%(refname)%00%(upstream:short)%00%(objectname)%00%(upstream:track)%00%(upstream:remotename)%00%(upstream:remoteref) refs/heads/main refs/remotes/main [3ms]
2024-11-28 08:37:21.700 [info] > git for-each-ref --sort -committerdate --format %(refname) %(objectname) %(*objectname) [4ms]
2024-11-28 08:37:22.493 [info] > git status -z -uall [807ms]
2024-11-28 08:37:27.532 [info] > git config --get commit.template [10ms]
2024-11-28 08:37:27.534 [info] > git for-each-ref --format=%(refname)%00%(upstream:short)%00%(objectname)%00%(upstream:track)%00%(upstream:remotename)%00%(upstream:remoteref) refs/heads/main refs/remotes/main [3ms]
2024-11-28 08:37:27.556 [info] > git for-each-ref --sort -committerdate --format %(refname) %(objectname) %(*objectname) [3ms]
2024-11-28 08:37:28.355 [info] > git status -z -uall [812ms]
2024-11-28 08:37:50.758 [info] > git config --get commit.template [2ms]
2024-11-28 08:37:50.772 [info] > git for-each-ref --format=%(refname)%00%(upstream:short)%00%(objectname)%00%(upstream:track)%00%(upstream:remotename)%00%(upstream:remoteref) refs/heads/main refs/remotes/main [4ms]
2024-11-28 08:37:50.799 [info] > git for-each-ref --sort -committerdate --format %(refname) %(objectname) %(*objectname) [4ms]
2024-11-28 08:37:51.588 [info] > git status -z -uall [804ms]
2024-11-28 08:37:56.619 [info] > git config --get commit.template [11ms]
2024-11-28 08:37:56.621 [info] > git for-each-ref --format=%(refname)%00%(upstream:short)%00%(objectname)%00%(upstream:track)%00%(upstream:remotename)%00%(upstream:remoteref) refs/heads/main refs/remotes/main [3ms]
2024-11-28 08:37:56.646 [info] > git for-each-ref --sort -committerdate --format %(refname) %(objectname) %(*objectname) [4ms]
2024-11-28 08:37:57.449 [info] > git status -z -uall [818ms]
